[?????, 23:33:56] connect
[?????, 23:33:56] serverPort 28000
[28000, 23:33:56] created vault
[28000, 23:33:56] colorsetLength 36
[28000, 23:33:56] created colorset
[28000, 23:33:56] colorset 0 0.898039 0.000000 0.000000 1.000000
[28000, 23:33:56] colorset 1 0.898039 0.898039 0.000000 1.000000
[28000, 23:33:56] colorset 2 0.000000 0.498039 0.247059 1.000000
[28000, 23:33:56] colorset 3 0.200000 0.000000 0.800000 1.000000
[28000, 23:33:56] colorset 4 0.898039 0.898039 0.898039 1.000000
[28000, 23:33:56] colorset 5 0.749020 0.749020 0.749020 1.000000
[28000, 23:33:56] colorset 6 0.498039 0.498039 0.498039 1.000000
[28000, 23:33:56] colorset 7 0.200000 0.200000 0.200000 1.000000
[28000, 23:33:56] colorset 8 0.392157 0.192157 0.000000 1.000000
[28000, 23:33:56] colorset 9 0.901961 0.337255 0.078431 1.000000
[28000, 23:33:56] colorset 10 0.749020 0.176471 0.482353 1.000000
[28000, 23:33:56] colorset 11 0.384314 0.000000 0.113725 1.000000
[28000, 23:33:56] colorset 12 0.129412 0.266667 0.266667 1.000000
[28000, 23:33:56] colorset 13 0.000000 0.137255 0.329412 1.000000
[28000, 23:33:56] colorset 14 0.101961 0.458824 0.764706 1.000000
[28000, 23:33:56] colorset 15 1.000000 1.000000 1.000000 1.000000
[28000, 23:33:56] colorset 16 0.078431 0.078431 0.078431 1.000000
[28000, 23:33:56] colorset 17 1.000000 1.000000 1.000000 0.247059
[28000, 23:33:56] colorset 18 0.921569 0.513726 0.674510 1.000000
[28000, 23:33:56] colorset 19 1.000000 0.603922 0.419608 1.000000
[28000, 23:33:56] colorset 20 1.000000 0.874510 0.611765 1.000000
[28000, 23:33:56] colorset 21 0.956863 0.874510 0.784314 1.000000
[28000, 23:33:56] colorset 22 0.784314 0.921569 0.486275 1.000000
[28000, 23:33:56] colorset 23 0.537255 0.694118 0.549020 1.000000
[28000, 23:33:56] colorset 24 0.556863 0.929412 0.956863 1.000000
[28000, 23:33:56] colorset 25 0.694118 0.658824 0.901961 1.000000
[28000, 23:33:56] colorset 26 0.874510 0.556863 0.956863 1.000000
[28000, 23:33:57] colorset 27 0.666667 0.000000 0.000000 0.698039
[28000, 23:33:57] colorset 28 1.000000 0.498039 0.000000 0.698039
[28000, 23:33:57] colorset 29 0.988235 0.956863 0.000000 0.698039
[28000, 23:33:57] colorset 30 0.000000 0.470588 0.192157 0.698039
[28000, 23:33:57] colorset 31 0.000000 0.200000 0.639216 0.698039
[28000, 23:33:57] colorset 32 0.592157 0.156863 0.392157 0.694118
[28000, 23:33:57] colorset 33 0.549020 0.698039 1.000000 0.698039
[28000, 23:33:57] colorset 34 0.847059 0.847059 0.847059 0.698039
[28000, 23:33:57] colorset 35 0.098039 0.098039 0.098039 0.698039
[28000, 23:33:57] colorsetEnd
[28000, 23:33:57] attempting to load BLLS ./saves/1550726550702-28000.blls
[28000, 23:33:57] created colorset
[28000, 23:33:57] created colorset translation table
[28000, 23:33:57] save colors
0.898039 0.000000 0.000000 1.000000, 0.898039 0.898039 0.000000 1.000000, 0.000000 0.498039 0.247059 1.000000, 0.200000 0.000000 0.800000 1.000000, 0.898039 0.898039 0.898039 1.000000, 0.749020 0.749020 0.749020 1.000000, 0.498039 0.498039 0.498039 1.000000, 0.200000 0.200000 0.200000 1.000000, 0.392157 0.192157 0.000000 1.000000, 0.901961 0.337255 0.078431 1.000000, 0.749020 0.176471 0.482353 1.000000, 0.384314 0.000000 0.113725 1.000000, 0.129412 0.266667 0.266667 1.000000, 0.000000 0.137255 0.329412 1.000000, 0.101961 0.458824 0.764706 1.000000, 1.000000 1.000000 1.000000 1.000000, 0.078431 0.078431 0.078431 1.000000, 1.000000 1.000000 1.000000 0.247059, 0.921569 0.513726 0.674510 1.000000, 1.000000 0.603922 0.419608 1.000000, 1.000000 0.874510 0.611765 1.000000, 0.956863 0.874510 0.784314 1.000000, 0.784314 0.921569 0.486275 1.000000, 0.537255 0.694118 0.549020 1.000000, 0.556863 0.929412 0.956863 1.000000, 0.694118 0.658824 0.901961 1.000000, 0.874510 0.556863 0.956863 1.000000, 0.666667 0.000000 0.000000 0.698039, 1.000000 0.498039 0.000000 0.698039, 0.988235 0.956863 0.000000 0.698039, 0.000000 0.470588 0.192157 0.698039, 0.000000 0.200000 0.639216 0.698039, 0.592157 0.156863 0.392157 0.694118, 0.549020 0.698039 1.000000 0.698039, 0.847059 0.847059 0.847059 0.698039, 0.098039 0.098039 0.098039 0.698039
[28000, 23:33:57] current colors
0.898039 0.000000 0.000000 1.000000, 0.898039 0.898039 0.000000 1.000000, 0.000000 0.498039 0.247059 1.000000, 0.200000 0.000000 0.800000 1.000000, 0.898039 0.898039 0.898039 1.000000, 0.749020 0.749020 0.749020 1.000000, 0.498039 0.498039 0.498039 1.000000, 0.200000 0.200000 0.200000 1.000000, 0.392157 0.192157 0.000000 1.000000, 0.901961 0.337255 0.078431 1.000000, 0.749020 0.176471 0.482353 1.000000, 0.384314 0.000000 0.113725 1.000000, 0.129412 0.266667 0.266667 1.000000, 0.000000 0.137255 0.329412 1.000000, 0.101961 0.458824 0.764706 1.000000, 1.000000 1.000000 1.000000 1.000000, 0.078431 0.078431 0.078431 1.000000, 1.000000 1.000000 1.000000 0.247059, 0.921569 0.513726 0.674510 1.000000, 1.000000 0.603922 0.419608 1.000000, 1.000000 0.874510 0.611765 1.000000, 0.956863 0.874510 0.784314 1.000000, 0.784314 0.921569 0.486275 1.000000, 0.537255 0.694118 0.549020 1.000000, 0.556863 0.929412 0.956863 1.000000, 0.694118 0.658824 0.901961 1.000000, 0.874510 0.556863 0.956863 1.000000, 0.666667 0.000000 0.000000 0.698039, 1.000000 0.498039 0.000000 0.698039, 0.988235 0.956863 0.000000 0.698039, 0.000000 0.470588 0.192157 0.698039, 0.000000 0.200000 0.639216 0.698039, 0.592157 0.156863 0.392157 0.694118, 0.549020 0.698039 1.000000 0.698039, 0.847059 0.847059 0.847059 0.698039, 0.098039 0.098039 0.098039 0.698039
[28000, 23:33:57] color translation table
0, 1, 2, 3, 4, 5, 6, 7, 8, 9, 10, 11, 12, 13, 14, 15, 16, 17, 18, 19, 20, 21, 22, 23, 24, 25, 26, 27, 28, 29, 30, 31, 32, 33, 34, 35
[28000, 23:33:57] load
[28000, 23:34:12] load
[?????, 23:34:35] connect
[?????, 23:34:35] serverPort 28000
[28000, 23:34:35] colorsetLength 36
[28000, 23:34:35] colorset 0 0.898039 0.000000 0.000000 1.000000
[28000, 23:34:35] colorset 1 0.898039 0.898039 0.000000 1.000000
[28000, 23:34:35] colorset 2 0.000000 0.498039 0.247059 1.000000
[28000, 23:34:35] colorset 3 0.200000 0.000000 0.800000 1.000000
[28000, 23:34:35] colorset 4 0.898039 0.898039 0.898039 1.000000
[28000, 23:34:35] colorset 5 0.749020 0.749020 0.749020 1.000000
[28000, 23:34:35] colorset 6 0.498039 0.498039 0.498039 1.000000
[28000, 23:34:35] colorset 7 0.200000 0.200000 0.200000 1.000000
[28000, 23:34:35] colorset 8 0.392157 0.192157 0.000000 1.000000
[28000, 23:34:35] colorset 9 0.901961 0.337255 0.078431 1.000000
[28000, 23:34:35] colorset 10 0.749020 0.176471 0.482353 1.000000
[28000, 23:34:35] colorset 11 0.384314 0.000000 0.113725 1.000000
[28000, 23:34:35] colorset 12 0.129412 0.266667 0.266667 1.000000
[28000, 23:34:35] colorset 13 0.000000 0.137255 0.329412 1.000000
[28000, 23:34:35] colorset 14 0.101961 0.458824 0.764706 1.000000
[28000, 23:34:35] colorset 15 1.000000 1.000000 1.000000 1.000000
[28000, 23:34:35] colorset 16 0.078431 0.078431 0.078431 1.000000
[28000, 23:34:35] colorset 17 1.000000 1.000000 1.000000 0.247059
[28000, 23:34:35] colorset 18 0.921569 0.513726 0.674510 1.000000
[28000, 23:34:35] colorset 19 1.000000 0.603922 0.419608 1.000000
[28000, 23:34:35] colorset 20 1.000000 0.874510 0.611765 1.000000
[28000, 23:34:35] colorset 21 0.956863 0.874510 0.784314 1.000000
[28000, 23:34:35] colorset 22 0.784314 0.921569 0.486275 1.000000
[28000, 23:34:35] colorset 23 0.537255 0.694118 0.549020 1.000000
[28000, 23:34:35] colorset 24 0.556863 0.929412 0.956863 1.000000
[28000, 23:34:35] colorset 25 0.694118 0.658824 0.901961 1.000000
[28000, 23:34:35] colorset 26 0.874510 0.556863 0.956863 1.000000
[28000, 23:34:35] colorset 27 0.666667 0.000000 0.000000 0.698039
[28000, 23:34:35] colorset 28 1.000000 0.498039 0.000000 0.698039
[28000, 23:34:35] colorset 29 0.988235 0.956863 0.000000 0.698039
[28000, 23:34:35] colorset 30 0.000000 0.470588 0.192157 0.698039
[28000, 23:34:35] colorset 31 0.000000 0.200000 0.639216 0.698039
[28000, 23:34:35] colorset 32 0.592157 0.156863 0.392157 0.694118
[28000, 23:34:35] colorset 33 0.549020 0.698039 1.000000 0.698039
[28000, 23:34:35] colorset 34 0.847059 0.847059 0.847059 0.698039
[28000, 23:34:35] colorset 35 0.098039 0.098039 0.098039 0.698039
[28000, 23:34:35] colorsetEnd
[28000, 23:34:35] attempting to load BLLS ./saves/1550726550702-28000.blls
[28000, 23:34:35] save colors
0.898039 0.000000 0.000000 1.000000, 0.898039 0.898039 0.000000 1.000000, 0.000000 0.498039 0.247059 1.000000, 0.200000 0.000000 0.800000 1.000000, 0.898039 0.898039 0.898039 1.000000, 0.749020 0.749020 0.749020 1.000000, 0.498039 0.498039 0.498039 1.000000, 0.200000 0.200000 0.200000 1.000000, 0.392157 0.192157 0.000000 1.000000, 0.901961 0.337255 0.078431 1.000000, 0.749020 0.176471 0.482353 1.000000, 0.384314 0.000000 0.113725 1.000000, 0.129412 0.266667 0.266667 1.000000, 0.000000 0.137255 0.329412 1.000000, 0.101961 0.458824 0.764706 1.000000, 1.000000 1.000000 1.000000 1.000000, 0.078431 0.078431 0.078431 1.000000, 1.000000 1.000000 1.000000 0.247059, 0.921569 0.513726 0.674510 1.000000, 1.000000 0.603922 0.419608 1.000000, 1.000000 0.874510 0.611765 1.000000, 0.956863 0.874510 0.784314 1.000000, 0.784314 0.921569 0.486275 1.000000, 0.537255 0.694118 0.549020 1.000000, 0.556863 0.929412 0.956863 1.000000, 0.694118 0.658824 0.901961 1.000000, 0.874510 0.556863 0.956863 1.000000, 0.666667 0.000000 0.000000 0.698039, 1.000000 0.498039 0.000000 0.698039, 0.988235 0.956863 0.000000 0.698039, 0.000000 0.470588 0.192157 0.698039, 0.000000 0.200000 0.639216 0.698039, 0.592157 0.156863 0.392157 0.694118, 0.549020 0.698039 1.000000 0.698039, 0.847059 0.847059 0.847059 0.698039, 0.098039 0.098039 0.098039 0.698039
[28000, 23:34:35] current colors
0.898039 0.000000 0.000000 1.000000, 0.898039 0.898039 0.000000 1.000000, 0.000000 0.498039 0.247059 1.000000, 0.200000 0.000000 0.800000 1.000000, 0.898039 0.898039 0.898039 1.000000, 0.749020 0.749020 0.749020 1.000000, 0.498039 0.498039 0.498039 1.000000, 0.200000 0.200000 0.200000 1.000000, 0.392157 0.192157 0.000000 1.000000, 0.901961 0.337255 0.078431 1.000000, 0.749020 0.176471 0.482353 1.000000, 0.384314 0.000000 0.113725 1.000000, 0.129412 0.266667 0.266667 1.000000, 0.000000 0.137255 0.329412 1.000000, 0.101961 0.458824 0.764706 1.000000, 1.000000 1.000000 1.000000 1.000000, 0.078431 0.078431 0.078431 1.000000, 1.000000 1.000000 1.000000 0.247059, 0.921569 0.513726 0.674510 1.000000, 1.000000 0.603922 0.419608 1.000000, 1.000000 0.874510 0.611765 1.000000, 0.956863 0.874510 0.784314 1.000000, 0.784314 0.921569 0.486275 1.000000, 0.537255 0.694118 0.549020 1.000000, 0.556863 0.929412 0.956863 1.000000, 0.694118 0.658824 0.901961 1.000000, 0.874510 0.556863 0.956863 1.000000, 0.666667 0.000000 0.000000 0.698039, 1.000000 0.498039 0.000000 0.698039, 0.988235 0.956863 0.000000 0.698039, 0.000000 0.470588 0.192157 0.698039, 0.000000 0.200000 0.639216 0.698039, 0.592157 0.156863 0.392157 0.694118, 0.549020 0.698039 1.000000 0.698039, 0.847059 0.847059 0.847059 0.698039, 0.098039 0.098039 0.098039 0.698039
[28000, 23:34:35] color translation table
0, 1, 2, 3, 4, 5, 6, 7, 8, 9, 10, 11, 12, 13, 14, 15, 16, 17, 18, 19, 20, 21, 22, 23, 24, 25, 26, 27, 28, 29, 30, 31, 32, 33, 34, 35
[28000, 23:34:37] load
[28000, 23:35:01] brickUpdate 111 colorID 16
[28000, 23:35:01] brickUpdate 111 light
[28000, 23:35:01] brickUpdate 111 colorFxID 0
[28000, 23:35:08] brickUpdate 111 light
[28000, 23:35:08] brickUpdate 111 colorFxID 0
